<?xml version="1.0" encoding="UTF-8"?>
<testsuite xmlns:xsi="http://www.w3.org/2001/XMLSchema-instance" xsi:noNamespaceSchemaLocation="https://maven.apache.org/surefire/maven-surefire-plugin/xsd/surefire-test-report-3.0.xsd" version="3.0" name="com.lesson7.junit5.ArithmeticOperationsTest" time="0.077" tests="5" errors="0" skipped="0" failures="0">
  <properties>
[...]
</properties>
  <testcase name="testMultiplication" classname="com.lesson7.junit5.ArithmeticOperationsTest" time="0.04"/>
  <testcase name="testAddition" classname="com.lesson7.junit5.ArithmeticOperationsTest" time="0.001"/>
  <testcase name="testDivisionByZero" classname="com.lesson7.junit5.ArithmeticOperationsTest" time="0.003"/>
  <testcase name="testDivision" classname="com.lesson7.junit5.ArithmeticOperationsTest" time="0.001"/>
  <testcase name="testSubtraction" classname="com.lesson7.junit5.ArithmeticOperationsTest" time="0.001"/>
</testsuite>